Release 14.7 - xst P.20131013 (nt64)
Copyright (c) 1995-2013 Xilinx, Inc.  All rights reserved.
--> Parameter TMPDIR set to xst/projnav.tmp


Total REAL time to Xst completion: 0.00 secs
Total CPU time to Xst completion: 0.39 secs
 
--> Parameter xsthdpdir set to xst


Total REAL time to Xst completion: 0.00 secs
Total CPU time to Xst completion: 0.39 secs
 
--> Reading design: traffic_light_controller.prj

TABLE OF CONTENTS
  1) Synthesis Options Summary
  2) HDL Compilation
  3) Design Hierarchy Analysis
  4) HDL Analysis
  5) HDL Synthesis
     5.1) HDL Synthesis Report
  6) Advanced HDL Synthesis
     6.1) Advanced HDL Synthesis Report
  7) Low Level Synthesis
  8) Partition Report
  9) Final Report
	9.1) Device utilization summary
	9.2) Partition Resource Summary
	9.3) TIMING REPORT


=========================================================================
*                      Synthesis Options Summary                        *
=========================================================================
---- Source Parameters
Input File Name                    : "traffic_light_controller.prj"
Input Format                       : mixed
Ignore Synthesis Constraint File   : NO

---- Target Parameters
Output File Name                   : "traffic_light_controller"
Output Format                      : NGC
Target Device                      : xc3s100e-5-vq100

---- Source Options
Top Module Name                    : traffic_light_controller
Automatic FSM Extraction           : YES
FSM Encoding Algorithm             : Auto
Safe Implementation                : No
FSM Style                          : LUT
RAM Extraction                     : Yes
RAM Style                          : Auto
ROM Extraction                     : Yes
Mux Style                          : Auto
Decoder Extraction                 : YES
Priority Encoder Extraction        : Yes
Shift Register Extraction          : YES
Logical Shifter Extraction         : YES
XOR Collapsing                     : YES
ROM Style                          : Auto
Mux Extraction                     : Yes
Resource Sharing                   : YES
Asynchronous To Synchronous        : NO
Multiplier Style                   : Auto
Automatic Register Balancing       : No

---- Target Options
Add IO Buffers                     : YES
Global Maximum Fanout              : 500
Add Generic Clock Buffer(BUFG)     : 24
Register Duplication               : YES
Slice Packing                      : YES
Optimize Instantiated Primitives   : NO
Use Clock Enable                   : Yes
Use Synchronous Set                : Yes
Use Synchronous Reset              : Yes
Pack IO Registers into IOBs        : Auto
Equivalent register Removal        : YES

---- General Options
Optimization Goal                  : Speed
Optimization Effort                : 1
Keep Hierarchy                     : No
Netlist Hierarchy                  : As_Optimized
RTL Output                         : Yes
Global Optimization                : AllClockNets
Read Cores                         : YES
Write Timing Constraints           : NO
Cross Clock Analysis               : NO
Hierarchy Separator                : /
Bus Delimiter                      : <>
Case Specifier                     : Maintain
Slice Utilization Ratio            : 100
BRAM Utilization Ratio             : 100
Verilog 2001                       : YES
Auto BRAM Packing                  : NO
Slice Utilization Ratio Delta      : 5

=========================================================================


=========================================================================
*                          HDL Compilation                              *
=========================================================================
Compiling verilog file "traffic_light_controller.v" in library work
Module <traffic_light_controller> compiled
No errors in compilation
Analysis of file <"traffic_light_controller.prj"> succeeded.
 

=========================================================================
*                     Design Hierarchy Analysis                         *
=========================================================================
Analyzing hierarchy for module <traffic_light_controller> in library <work> with parameters.
	east = "100"
	east_y = "101"
	north = "000"
	north_y = "001"
	south = "010"
	south_y = "011"
	west = "110"
	west_y = "111"


=========================================================================
*                            HDL Analysis                               *
=========================================================================
Analyzing top module <traffic_light_controller>.
	east = 3'b100
	east_y = 3'b101
	north = 3'b000
	north_y = 3'b001
	south = 3'b010
	south_y = 3'b011
	west = 3'b110
	west_y = 3'b111
Module <traffic_light_controller> is correct for synthesis.
 

=========================================================================
*                           HDL Synthesis                               *
=========================================================================

Performing bidirectional port resolution...

Synthesizing Unit <traffic_light_controller>.
    Related source file is "traffic_light_controller.v".
INFO:Xst:2117 - HDL ADVISOR - Mux Selector <state> of Case statement line 104 was re-encoded using one-hot encoding. The case statement will be optimized (default statement optimization), but this optimization may lead to design initialization problems. To ensure the design works safely, you can:
   	- add an 'INIT' attribute on signal <state> (optimization is then done without any risk)
   	- use the attribute 'signal_encoding user' to avoid onehot optimization
   	- use the attribute 'safe_implementation yes' to force XST to perform a safe (but less efficient) optimization
    Using one-hot encoding for signal <state>.
    Using one-hot encoding for signal <$old_state_2>.
    Found 3-bit register for signal <count>.
    Found 3-bit adder for signal <count$add0000> created at line 97.
    Found 8-bit register for signal <state>.
    Summary:
	inferred   3 D-type flip-flop(s).
	inferred   1 Adder/Subtractor(s).
Unit <traffic_light_controller> synthesized.


=========================================================================
HDL Synthesis Report

Macro Statistics
# Adders/Subtractors                                   : 1
 3-bit adder                                           : 1
# Registers                                            : 2
 3-bit register                                        : 1
 8-bit register                                        : 1

=========================================================================

=========================================================================
*                       Advanced HDL Synthesis                          *
=========================================================================


=========================================================================
Advanced HDL Synthesis Report

Macro Statistics
# Adders/Subtractors                                   : 1
 3-bit adder                                           : 1
# Registers                                            : 11
 Flip-Flops                                            : 11

=========================================================================

=========================================================================
*                         Low Level Synthesis                           *
=========================================================================

Optimizing unit <traffic_light_controller> ...

Mapping all equations...
Building and optimizing final netlist ...
Found area constraint ratio of 100 (+ 5) on block traffic_light_controller, actual ratio is 2.

Final Macro Processing ...

=========================================================================
Final Register Report

Macro Statistics
# Registers                                            : 11
 Flip-Flops                                            : 11

=========================================================================

=========================================================================
*                           Partition Report                            *
=========================================================================

Partition Implementation Status
-------------------------------

  No Partitions were found in this design.

-------------------------------

=========================================================================
*                            Final Report                               *
=========================================================================
Final Results
RTL Top Level Output File Name     : traffic_light_controller.ngr
Top Level Output File Name         : traffic_light_controller
Output Format                      : NGC
Optimization Goal                  : Speed
Keep Hierarchy                     : No

Design Statistics
# IOs                              : 14

Cell Usage :
# BELS                             : 39
#      LUT2                        : 1
#      LUT2_D                      : 1
#      LUT3                        : 7
#      LUT3_D                      : 1
#      LUT3_L                      : 1
#      LUT4                        : 21
#      LUT4_L                      : 6
#      MUXF5                       : 1
# FlipFlops/Latches                : 11
#      FDC                         : 10
#      FDP                         : 1
# Clock Buffers                    : 1
#      BUFGP                       : 1
# IO Buffers                       : 13
#      IBUF                        : 1
#      OBUF                        : 12
=========================================================================

Device utilization summary:
---------------------------

Selected Device : 3s100evq100-5 

 Number of Slices:                       20  out of    960     2%  
 Number of Slice Flip Flops:             11  out of   1920     0%  
 Number of 4 input LUTs:                 38  out of   1920     1%  
 Number of IOs:                          14
 Number of bonded IOBs:                  14  out of     66    21%  
 Number of GCLKs:                         1  out of     24     4%  

---------------------------
Partition Resource Summary:
---------------------------

  No Partitions were found in this design.

---------------------------


=========================================================================
TIMING REPORT

NOTE: THESE TIMING NUMBERS ARE ONLY A SYNTHESIS ESTIMATE.
      FOR ACCURATE TIMING INFORMATION PLEASE REFER TO THE TRACE REPORT
      GENERATED AFTER PLACE-and-ROUTE.

Clock Information:
------------------
-----------------------------------+------------------------+-------+
Clock Signal                       | Clock buffer(FF name)  | Load  |
-----------------------------------+------------------------+-------+
clk                                | BUFGP                  | 11    |
-----------------------------------+------------------------+-------+

Asynchronous Control Signals Information:
----------------------------------------
-----------------------------------+------------------------+-------+
Control Signal                     | Buffer(FF name)        | Load  |
-----------------------------------+------------------------+-------+
rst_a                              | IBUF                   | 11    |
-----------------------------------+------------------------+-------+

Timing Summary:
---------------
Speed Grade: -5

   Minimum period: 4.482ns (Maximum Frequency: 223.117MHz)
   Minimum input arrival time before clock: No path found
   Maximum output required time after clock: 6.716ns
   Maximum combinational path delay: No path found

Timing Detail:
--------------
All values displayed in nanoseconds (ns)

=========================================================================
Timing constraint: Default period analysis for Clock 'clk'
  Clock period: 4.482ns (frequency: 223.117MHz)
  Total number of paths / destination ports: 124 / 11
-------------------------------------------------------------------------
Delay:               4.482ns (Levels of Logic = 3)
  Source:            count_0 (FF)
  Destination:       state_7 (FF)
  Source Clock:      clk rising
  Destination Clock: clk rising

  Data Path: count_0 to state_7
                                Gate     Net
    Cell:in->out      fanout   Delay   Delay  Logical Name (Net Name)
    ----------------------------------------  ------------
     FDC:C->Q              4   0.514   0.651  count_0 (count_0)
     LUT2_D:I0->O         14   0.612   0.853  Madd_count_add0000_xor<2>111 (N12)
     LUT4:I3->O            1   0.612   0.360  state_mux0000<5>_SW0 (N29)
     LUT4:I3->O            1   0.612   0.000  state_mux0000<5> (state_mux0000<5>)
     FDC:D                     0.268          state_2
    ----------------------------------------
    Total                      4.482ns (2.618ns logic, 1.864ns route)
                                       (58.4% logic, 41.6% route)

=========================================================================
Timing constraint: Default OFFSET OUT AFTER for Clock 'clk'
  Total number of paths / destination ports: 32 / 12
-------------------------------------------------------------------------
Offset:              6.716ns (Levels of Logic = 3)
  Source:            state_5 (FF)
  Destination:       s_lights<2> (PAD)
  Source Clock:      clk rising

  Data Path: state_5 to s_lights<2>
                                Gate     Net
    Cell:in->out      fanout   Delay   Delay  Logical Name (Net Name)
    ----------------------------------------  ------------
     FDC:C->Q              9   0.514   0.849  state_5 (state_5)
     LUT3:I0->O            3   0.612   0.603  s_lights<2>11 (N15)
     LUT4:I0->O            1   0.612   0.357  s_lights<2>2 (s_lights_2_OBUF)
     OBUF:I->O                 3.169          s_lights_2_OBUF (s_lights<2>)
    ----------------------------------------
    Total                      6.716ns (4.907ns logic, 1.809ns route)
                                       (73.1% logic, 26.9% route)

=========================================================================


Total REAL time to Xst completion: 16.00 secs
Total CPU time to Xst completion: 16.03 secs
 
--> 

Total memory usage is 231016 kilobytes

Number of errors   :    0 (   0 filtered)
Number of warnings :    0 (   0 filtered)
Number of infos    :    1 (   0 filtered)

