--------------------------------------------------------------------------------
Release 14.7 Trace  (nt64)
Copyright (c) 1995-2013 Xilinx, Inc.  All rights reserved.

C:\Xilinx\14.7\ISE_DS\ISE\bin\nt64\unwrapped\trce.exe -intstyle ise -v 3 -s 5
-n 3 -fastpaths -xml traffic_light_controller.twx traffic_light_controller.ncd
-o traffic_light_controller.twr traffic_light_controller.pcf

Design file:              traffic_light_controller.ncd
Physical constraint file: traffic_light_controller.pcf
Device,package,speed:     xc3s100e,vq100,-5 (PRODUCTION 1.27 2013-10-13)
Report level:             verbose report

Environment Variable      Effect 
--------------------      ------ 
NONE                      No environment variables were set
--------------------------------------------------------------------------------

INFO:Timing:2698 - No timing constraints found, doing default enumeration.
INFO:Timing:3412 - To improve timing, see the Timing Closure User Guide (UG612).
INFO:Timing:2752 - To get complete path coverage, use the unconstrained paths 
   option. All paths that are not constrained will be reported in the 
   unconstrained paths section(s) of the report.
INFO:Timing:3339 - The clock-to-out numbers in this timing report are based on 
   a 50 Ohm transmission line loading model.  For the details of this model, 
   and for more information on accounting for different loading conditions, 
   please see the device datasheet.
INFO:Timing:3390 - This architecture does not support a default System Jitter 
   value, please add SYSTEM_JITTER constraint to the UCF to modify the Clock 
   Uncertainty calculation.
INFO:Timing:3389 - This architecture does not support 'Discrete Jitter' and 
   'Phase Error' calculations, these terms will be zero in the Clock 
   Uncertainty calculation.  Please make appropriate modification to 
   SYSTEM_JITTER to account for the unsupported Discrete Jitter and Phase 
   Error.



Data Sheet report:
-----------------
All values displayed in nanoseconds (ns)

Clock clk to Pad
------------+------------+------------------+--------+
            | clk (edge) |                  | Clock  |
Destination |   to PAD   |Internal Clock(s) | Phase  |
------------+------------+------------------+--------+
e_lights<0> |    7.693(R)|clk_BUFGP         |   0.000|
e_lights<1> |    7.400(R)|clk_BUFGP         |   0.000|
e_lights<2> |    8.661(R)|clk_BUFGP         |   0.000|
n_lights<0> |    7.336(R)|clk_BUFGP         |   0.000|
n_lights<1> |    7.643(R)|clk_BUFGP         |   0.000|
n_lights<2> |    8.705(R)|clk_BUFGP         |   0.000|
s_lights<0> |    7.206(R)|clk_BUFGP         |   0.000|
s_lights<1> |    7.317(R)|clk_BUFGP         |   0.000|
s_lights<2> |    9.214(R)|clk_BUFGP         |   0.000|
w_lights<0> |    7.525(R)|clk_BUFGP         |   0.000|
w_lights<1> |    7.613(R)|clk_BUFGP         |   0.000|
w_lights<2> |    9.176(R)|clk_BUFGP         |   0.000|
------------+------------+------------------+--------+

Clock to Setup on destination clock clk
---------------+---------+---------+---------+---------+
               | Src:Rise| Src:Fall| Src:Rise| Src:Fall|
Source Clock   |Dest:Rise|Dest:Rise|Dest:Fall|Dest:Fall|
---------------+---------+---------+---------+---------+
clk            |    3.592|         |         |         |
---------------+---------+---------+---------+---------+


Analysis completed Sun May 29 08:30:14 2016 
--------------------------------------------------------------------------------

Trace Settings:
-------------------------
Trace Settings 

Peak Memory Usage: 147 MB



